# JRE version: Java(TM) SE Runtime Environment (8.0_25-b17) (build 1.8.0_25-b17)
# Java VM: Java HotSpot(TM) 64-Bit Server VM (25.25-b02 mixed mode bsd-amd64 compressed oops)
Heap:
 PSYoungGen      total 244224K, used 244129K [0x00000007aab00000, 0x00000007bf680000, 0x00000007c0000000)
  eden space 220672K, 100% used [0x00000007aab00000,0x00000007b8280000,0x00000007b8280000)
  from space 23552K, 99% used [0x00000007b8280000,0x00000007b9968580,0x00000007b9980000)
  to   space 59392K, 50% used [0x00000007bbc80000,0x00000007bd987e48,0x00000007bf680000)
 ParOldGen       total 699392K, used 679145K [0x0000000780000000, 0x00000007aab00000, 0x00000007aab00000)
  object space 699392K, 97% used [0x0000000780000000,0x00000007a973a7b0,0x00000007aab00000)
 Metaspace       used 106333K, capacity 115249K, committed 115584K, reserved 1146880K
  class space    used 15091K, capacity 18214K, committed 18304K, reserved 1048576K
GC Heap History (10 events):
Event: 549.097 GC heap after
Heap after GC invocations=22 (full 6):
 PSYoungGen      total 261632K, used 0K [0x00000007aab00000, 0x00000007c0000000, 0x00000007c0000000)
  eden space 210944K, 0% used [0x00000007aab00000,0x00000007aab00000,0x00000007b7900000)
  from space 50688K, 0% used [0x00000007bce80000,0x00000007bce80000,0x00000007c0000000)
  to   space 69120K, 0% used [0x00000007b7900000,0x00000007b7900000,0x00000007bbc80000)
 ParOldGen       total 216576K, used 144451K [0x0000000780000000, 0x000000078d380000, 0x00000007aab00000)
  object space 216576K, 66% used [0x0000000780000000,0x0000000788d10fc8,0x000000078d380000)
 Metaspace       used 87790K, capacity 94233K, committed 94848K, reserved 1130496K
  class space    used 12348K, capacity 14598K, committed 14720K, reserved 1048576K
}
Event: 668.292 GC heap before
{Heap before GC invocations=23 (full 6):
 PSYoungGen      total 261632K, used 210944K [0x00000007aab00000, 0x00000007c0000000, 0x00000007c0000000)
  eden space 210944K, 100% used [0x00000007aab00000,0x00000007b7900000,0x00000007b7900000)
  from space 50688K, 0% used [0x00000007bce80000,0x00000007bce80000,0x00000007c0000000)
  to   space 69120K, 0% used [0x00000007b7900000,0x00000007b7900000,0x00000007bbc80000)
 ParOldGen       total 216576K, used 144451K [0x0000000780000000, 0x000000078d380000, 0x00000007aab00000)
  object space 216576K, 66% used [0x0000000780000000,0x0000000788d10fc8,0x000000078d380000)
 Metaspace       used 93965K, capacity 101314K, committed 101376K, reserved 1134592K
  class space    used 13272K, capacity 15816K, committed 15872K, reserved 1048576K
Event: 668.314 GC heap after
Heap after GC invocations=23 (full 6):
 PSYoungGen      total 280064K, used 22752K [0x00000007aab00000, 0x00000007c0000000, 0x00000007c0000000)
  eden space 210944K, 0% used [0x00000007aab00000,0x00000007aab00000,0x00000007b7900000)
  from space 69120K, 32% used [0x00000007b7900000,0x00000007b8f38350,0x00000007bbc80000)
  to   space 65536K, 0% used [0x00000007bc000000,0x00000007bc000000,0x00000007c0000000)
 ParOldGen       total 216576K, used 144459K [0x0000000780000000, 0x000000078d380000, 0x00000007aab00000)
  object space 216576K, 66% used [0x0000000780000000,0x0000000788d12fc8,0x000000078d380000)
 Metaspace       used 93965K, capacity 101314K, committed 101376K, reserved 1134592K
  class space    used 13272K, capacity 15816K, committed 15872K, reserved 1048576K
}
Event: 671.362 GC heap before
{Heap before GC invocations=24 (full 6):
 PSYoungGen      total 280064K, used 119429K [0x00000007aab00000, 0x00000007c0000000, 0x00000007c0000000)
  eden space 210944K, 45% used [0x00000007aab00000,0x00000007b0969418,0x00000007b7900000)
  from space 69120K, 32% used [0x00000007b7900000,0x00000007b8f38350,0x00000007bbc80000)
  to   space 65536K, 0% used [0x00000007bc000000,0x00000007bc000000,0x00000007c0000000)
 ParOldGen       total 216576K, used 144459K [0x0000000780000000, 0x000000078d380000, 0x00000007aab00000)
  object space 216576K, 66% used [0x0000000780000000,0x0000000788d12fc8,0x000000078d380000)
 Metaspace       used 95316K, capacity 102920K, committed 103168K, reserved 1136640K
  class space    used 13487K, capacity 16080K, committed 16128K, reserved 1048576K
Event: 671.374 GC heap after
Heap after GC invocations=24 (full 6):
 PSYoungGen      total 286208K, used 20985K [0x00000007aab00000, 0x00000007c0000000, 0x00000007c0000000)
  eden space 220672K, 0% used [0x00000007aab00000,0x00000007aab00000,0x00000007b8280000)
  from space 65536K, 32% used [0x00000007bc000000,0x00000007bd47e720,0x00000007c0000000)
  to   space 62976K, 0% used [0x00000007b8280000,0x00000007b8280000,0x00000007bc000000)
 ParOldGen       total 216576K, used 144467K [0x0000000780000000, 0x000000078d380000, 0x00000007aab00000)
  object space 216576K, 66% used [0x0000000780000000,0x0000000788d14fc8,0x000000078d380000)
 Metaspace       used 95316K, capacity 102920K, committed 103168K, reserved 1136640K
  class space    used 13487K, capacity 16080K, committed 16128K, reserved 1048576K
}
Event: 671.374 GC heap before
{Heap before GC invocations=25 (full 7):
 PSYoungGen      total 286208K, used 20985K [0x00000007aab00000, 0x00000007c0000000, 0x00000007c0000000)
  eden space 220672K, 0% used [0x00000007aab00000,0x00000007aab00000,0x00000007b8280000)
  from space 65536K, 32% used [0x00000007bc000000,0x00000007bd47e720,0x00000007c0000000)
  to   space 62976K, 0% used [0x00000007b8280000,0x00000007b8280000,0x00000007bc000000)
 ParOldGen       total 216576K, used 144467K [0x0000000780000000, 0x000000078d380000, 0x00000007aab00000)
  object space 216576K, 66% used [0x0000000780000000,0x0000000788d14fc8,0x000000078d380000)
 Metaspace       used 95316K, capacity 102920K, committed 103168K, reserved 1136640K
  class space    used 13487K, capacity 16080K, committed 16128K, reserved 1048576K
Event: 672.120 GC heap after
Heap after GC invocations=25 (full 7):
 PSYoungGen      total 286208K, used 0K [0x00000007aab00000, 0x00000007c0000000, 0x00000007c0000000)
  eden space 220672K, 0% used [0x00000007aab00000,0x00000007aab00000,0x00000007b8280000)
  from space 65536K, 0% used [0x00000007bc000000,0x00000007bc000000,0x00000007c0000000)
  to   space 62976K, 0% used [0x00000007b8280000,0x00000007b8280000,0x00000007bc000000)
 ParOldGen       total 216576K, used 163120K [0x0000000780000000, 0x000000078d380000, 0x00000007aab00000)
  object space 216576K, 75% used [0x0000000780000000,0x0000000789f4c318,0x000000078d380000)
 Metaspace       used 95283K, capacity 102806K, committed 103168K, reserved 1136640K
  class space    used 13479K, capacity 16046K, committed 16128K, reserved 1048576K
}
Event: 697.987 GC heap before
{Heap before GC invocations=26 (full 7):
 PSYoungGen      total 286208K, used 220672K [0x00000007aab00000, 0x00000007c0000000, 0x00000007c0000000)
  eden space 220672K, 100% used [0x00000007aab00000,0x00000007b8280000,0x00000007b8280000)
  from space 65536K, 0% used [0x00000007bc000000,0x00000007bc000000,0x00000007c0000000)
  to   space 62976K, 0% used [0x00000007b8280000,0x00000007b8280000,0x00000007bc000000)
 ParOldGen       total 216576K, used 163120K [0x0000000780000000, 0x000000078d380000, 0x00000007aab00000)
  object space 216576K, 75% used [0x0000000780000000,0x0000000789f4c318,0x000000078d380000)
 Metaspace       used 101521K, capacity 109793K, committed 109952K, reserved 1142784K
  class space    used 14410K, capacity 17252K, committed 17280K, reserved 1048576K
Event: 698.005 GC heap after
Heap after GC invocations=26 (full 7):
 PSYoungGen      total 244224K, used 23457K [0x00000007aab00000, 0x00000007bf680000, 0x00000007c0000000)
  eden space 220672K, 0% used [0x00000007aab00000,0x00000007aab00000,0x00000007b8280000)
  from space 23552K, 99% used [0x00000007b8280000,0x00000007b9968580,0x00000007b9980000)
  to   space 59392K, 0% used [0x00000007bbc80000,0x00000007bbc80000,0x00000007bf680000)
 ParOldGen       total 216576K, used 163128K [0x0000000780000000, 0x000000078d380000, 0x00000007aab00000)
  object space 216576K, 75% used [0x0000000780000000,0x0000000789f4e318,0x000000078d380000)
 Metaspace       used 101521K, capacity 109793K, committed 109952K, reserved 1142784K
  class space    used 14410K, capacity 17252K, committed 17280K, reserved 1048576K
}
Event: 832.999 GC heap before
{Heap before GC invocations=27 (full 7):
 PSYoungGen      total 244224K, used 244129K [0x00000007aab00000, 0x00000007bf680000, 0x00000007c0000000)
  eden space 220672K, 100% used [0x00000007aab00000,0x00000007b8280000,0x00000007b8280000)
  from space 23552K, 99% used [0x00000007b8280000,0x00000007b9968580,0x00000007b9980000)
  to   space 59392K, 0% used [0x00000007bbc80000,0x00000007bbc80000,0x00000007bf680000)
 ParOldGen       total 216576K, used 163128K [0x0000000780000000, 0x000000078d380000, 0x00000007aab00000)
  object space 216576K, 75% used [0x0000000780000000,0x0000000789f4e318,0x000000078d380000)
 Metaspace       used 106333K, capacity 115249K, committed 115584K, reserved 1146880K
  class space    used 15091K, capacity 18214K, committed 18304K, reserved 1048576K

